<?xml version="1.0" encoding="UTF-8"?>
<!-- Generated by org.testng.reporters.JUnitReportReporter -->
<testsuite skipped="0" hostname="LVAGPLTP2254" name="com.project.start.controller.MyTest" tests="1" failures="0" timestamp="06 Aug 2017 20:05:05 GMT" time="2.473" errors="0">
  <testcase name="test" time="2.473" classname="com.project.start.controller.MyTest"/>
</testsuite> <!-- com.project.start.controller.MyTest -->
